<?xml version="1.0" encoding="UTF-8"?>
<testsuites name="YoutubeFindSuite" time="20" tests="1" failures="0" errors="0">
   <testsuite name="YoutubeFindSuite" tests="1" failures="0" errors="0" time="20" timestamp="2019-03-19 16:30:59" hostname="qualtopgroup - 192.168.99.1" id="Test Suites/YoutubeFindSuite">
      <properties>
         <property name="deviceName" value=""/>
         <property name="devicePlatform" value=""/>
         <property name="logFolder" value="/Users/qualtopgroup/Documents/KatalonCI/KatalonTest/TestKatalonCI/Reports/YoutubeFindSuite/20190319_163055"/>
         <property name="logFiles" value="/Users/qualtopgroup/Documents/KatalonCI/KatalonTest/TestKatalonCI/Reports/YoutubeFindSuite/20190319_163055/execution0.log"/>
         <property name="attachments" value=""/>
         <property name="hostName" value="qualtopgroup - 192.168.99.1"/>
         <property name="os" value="Mac OS X 64bit"/>
         <property name="katalonVersion" value="6.0.5.4"/>
         <property name="browser" value="Chrome 72.0.3626.121"/>
         <property name="hostAddress" value="192.168.99.1"/>
         <property name="sessionId" value="06f429052847df8663219036a46c486c"/>
         <property name="seleniumVersion" value="3.7.1"/>
         <property name="proxyInformation" value="ProxyInformation{proxyOption=NO_PROXY, proxyServerType=HTTP, password=, proxyServerAddress=, proxyServerPort=0}"/>
         <property name="platform" value="Mac OS X"/>
      </properties>
      <testcase name="Test Cases/YotubeFinder" classname="Test Cases/YotubeFinder" status="PASSED">
         <system-out><![CDATA[2019-03-19 16:31:00 - [TEST_CASE][PASSED] - Test Cases/YotubeFinder: Test Cases/YotubeFinder

2019-03-19 16:31:00 - [TEST_STEP][PASSED] - openBrowser("https://www.youtube.com/"): Browser is opened with url: 'https://www.youtube.com/'

2019-03-19 16:31:01 - [MESSAGE][INFO] - Starting 'Chrome' driver

2019-03-19 16:31:01 - [MESSAGE][INFO] - Action delay is set to 0 seconds

2019-03-19 16:31:10 - [MESSAGE][PASSED] - Browser is opened with url: 'https://www.youtube.com/'

2019-03-19 16:31:10 - [TEST_STEP][PASSED] - sendKeys(findTestObject("Object Repository/input_navigation_search"), "Marvel"): Keys 'Marvel' sent to object: 'Object Repository/input_navigation_search'

2019-03-19 16:31:11 - [MESSAGE][PASSED] - Keys 'Marvel' sent to object: 'Object Repository/input_navigation_search'

2019-03-19 16:31:11 - [TEST_STEP][PASSED] - click(findTestObject("Object Repository/button_Search")): Object: 'Object Repository/button_Search' is clicked on

2019-03-19 16:31:12 - [MESSAGE][PASSED] - Object: 'Object Repository/button_Search' is clicked on

2019-03-19 16:31:12 - [TEST_STEP][PASSED] - waitForAlert(7): No alert found after 7 second(s).

2019-03-19 16:31:19 - [MESSAGE][WARNING] - No alert found after 7 second(s).

2019-03-19 16:31:19 - [TEST_STEP][PASSED] - closeBrowser(): Browser is closed

2019-03-19 16:31:19 - [MESSAGE][PASSED] - Browser is closed]]></system-out>
         <system-err><![CDATA[]]></system-err>
      </testcase>
      <system-out><![CDATA[2019-03-19 16:30:59 - [TEST_SUITE][PASSED] - YoutubeFindSuite: Test Cases/YotubeFinder]]></system-out>
      <system-err><![CDATA[]]></system-err>
   </testsuite>
</testsuites>
